[2025-05-21 19:54:46.042] [jointLog] [info] setting maxHashResizeThreads to 4
[2025-05-21 19:54:46.042] [jointLog] [info] Fragment incompatibility prior below threshold.  Incompatible fragments will be ignored.
[2025-05-21 19:54:46.042] [jointLog] [info] Usage of --validateMappings implies use of minScoreFraction. Since not explicitly specified, it is being set to 0.65
[2025-05-21 19:54:46.042] [jointLog] [info] Setting consensusSlack to selective-alignment default of 0.35.
[2025-05-21 19:54:46.042] [jointLog] [info] parsing read library format
[2025-05-21 19:54:46.042] [jointLog] [info] There is 1 library.
[2025-05-21 19:54:46.042] [jointLog] [info] Loading pufferfish index
[2025-05-21 19:54:46.042] [jointLog] [info] Loading dense pufferfish index.
[2025-05-21 19:54:46.060] [jointLog] [info] done
[2025-05-21 19:54:46.069] [jointLog] [info] Index contained 6,079 targets
[2025-05-21 19:54:46.069] [jointLog] [info] Number of decoys : 0
[2025-05-21 19:54:46.179] [jointLog] [info] Automatically detected most likely library type as ISR

[2025-05-21 19:54:53.202] [fileLog] [info] 
At end of round 0
==================
Observed 6092287 total fragments (6092287 in most recent round)

[2025-05-21 19:54:53.181] [jointLog] [info] Thread saw mini-batch with a maximum of 2.40% zero probability fragments
[2025-05-21 19:54:53.186] [jointLog] [info] Thread saw mini-batch with a maximum of 2.32% zero probability fragments
[2025-05-21 19:54:53.189] [jointLog] [info] Thread saw mini-batch with a maximum of 2.26% zero probability fragments
[2025-05-21 19:54:53.194] [jointLog] [info] Thread saw mini-batch with a maximum of 2.34% zero probability fragments
[2025-05-21 19:54:53.202] [jointLog] [info] Computed 18,265 rich equivalence classes for further processing
[2025-05-21 19:54:53.202] [jointLog] [info] Counted 5,124,034 total reads in the equivalence classes 
[2025-05-21 19:54:53.203] [jointLog] [info] Number of mappings discarded because of alignment score : 655,731
[2025-05-21 19:54:53.203] [jointLog] [info] Number of fragments entirely discarded because of alignment score : 535,199
[2025-05-21 19:54:53.203] [jointLog] [info] Number of fragments discarded because they are best-mapped to decoys : 0
[2025-05-21 19:54:53.203] [jointLog] [info] Number of fragments discarded because they have only dovetail (discordant) mappings to valid targets : 12,540
[2025-05-21 19:54:53.203] [jointLog] [info] Mapping rate = 84.1069%

[2025-05-21 19:54:53.203] [jointLog] [info] finished quantifyLibrary()
[2025-05-21 19:54:53.203] [jointLog] [info] Starting optimizer
[2025-05-21 19:54:53.204] [jointLog] [info] Marked 0 weighted equivalence classes as degenerate
[2025-05-21 19:54:53.205] [jointLog] [info] iteration = 0 | max rel diff. = 2099.83
[2025-05-21 19:54:53.237] [jointLog] [info] iteration = 100 | max rel diff. = 0.0204906
[2025-05-21 19:54:53.275] [jointLog] [info] iteration = 199 | max rel diff. = 0.0016297
[2025-05-21 19:54:53.275] [jointLog] [info] Finished optimizer
[2025-05-21 19:54:53.275] [jointLog] [info] writing output 

