[2025-05-21 19:54:29.405] [jointLog] [info] setting maxHashResizeThreads to 4
[2025-05-21 19:54:29.405] [jointLog] [info] Fragment incompatibility prior below threshold.  Incompatible fragments will be ignored.
[2025-05-21 19:54:29.405] [jointLog] [info] Usage of --validateMappings implies use of minScoreFraction. Since not explicitly specified, it is being set to 0.65
[2025-05-21 19:54:29.405] [jointLog] [info] Setting consensusSlack to selective-alignment default of 0.35.
[2025-05-21 19:54:29.405] [jointLog] [info] parsing read library format
[2025-05-21 19:54:29.405] [jointLog] [info] There is 1 library.
[2025-05-21 19:54:29.405] [jointLog] [info] Loading pufferfish index
[2025-05-21 19:54:29.405] [jointLog] [info] Loading dense pufferfish index.
[2025-05-21 19:54:29.424] [jointLog] [info] done
[2025-05-21 19:54:29.432] [jointLog] [info] Index contained 6,079 targets
[2025-05-21 19:54:29.433] [jointLog] [info] Number of decoys : 0
[2025-05-21 19:54:29.519] [jointLog] [info] Automatically detected most likely library type as ISR

[2025-05-21 19:54:37.667] [fileLog] [info] 
At end of round 0
==================
Observed 7321659 total fragments (7321659 in most recent round)

[2025-05-21 19:54:37.655] [jointLog] [info] Thread saw mini-batch with a maximum of 1.16% zero probability fragments
[2025-05-21 19:54:37.657] [jointLog] [info] Thread saw mini-batch with a maximum of 1.20% zero probability fragments
[2025-05-21 19:54:37.659] [jointLog] [info] Thread saw mini-batch with a maximum of 1.22% zero probability fragments
[2025-05-21 19:54:37.660] [jointLog] [info] Thread saw mini-batch with a maximum of 1.10% zero probability fragments
[2025-05-21 19:54:37.667] [jointLog] [info] Computed 11,906 rich equivalence classes for further processing
[2025-05-21 19:54:37.667] [jointLog] [info] Counted 6,219,273 total reads in the equivalence classes 
[2025-05-21 19:54:37.668] [jointLog] [info] Number of mappings discarded because of alignment score : 850,608
[2025-05-21 19:54:37.668] [jointLog] [info] Number of fragments entirely discarded because of alignment score : 700,524
[2025-05-21 19:54:37.668] [jointLog] [info] Number of fragments discarded because they are best-mapped to decoys : 0
[2025-05-21 19:54:37.668] [jointLog] [info] Number of fragments discarded because they have only dovetail (discordant) mappings to valid targets : 21,844
[2025-05-21 19:54:37.668] [jointLog] [info] Mapping rate = 84.9435%

[2025-05-21 19:54:37.668] [jointLog] [info] finished quantifyLibrary()
[2025-05-21 19:54:37.668] [jointLog] [info] Starting optimizer
[2025-05-21 19:54:37.669] [jointLog] [info] Marked 0 weighted equivalence classes as degenerate
[2025-05-21 19:54:37.669] [jointLog] [info] iteration = 0 | max rel diff. = 45646
[2025-05-21 19:54:37.694] [jointLog] [info] iteration = 100 | max rel diff. = 0.0305099
[2025-05-21 19:54:37.704] [jointLog] [info] iteration = 151 | max rel diff. = 0.00205084
[2025-05-21 19:54:37.704] [jointLog] [info] Finished optimizer
[2025-05-21 19:54:37.704] [jointLog] [info] writing output 

