[2025-05-21 19:54:38.566] [jointLog] [info] setting maxHashResizeThreads to 4
[2025-05-21 19:54:38.566] [jointLog] [info] Fragment incompatibility prior below threshold.  Incompatible fragments will be ignored.
[2025-05-21 19:54:38.566] [jointLog] [info] Usage of --validateMappings implies use of minScoreFraction. Since not explicitly specified, it is being set to 0.65
[2025-05-21 19:54:38.566] [jointLog] [info] Setting consensusSlack to selective-alignment default of 0.35.
[2025-05-21 19:54:38.566] [jointLog] [info] parsing read library format
[2025-05-21 19:54:38.566] [jointLog] [info] There is 1 library.
[2025-05-21 19:54:38.566] [jointLog] [info] Loading pufferfish index
[2025-05-21 19:54:38.566] [jointLog] [info] Loading dense pufferfish index.
[2025-05-21 19:54:38.579] [jointLog] [info] done
[2025-05-21 19:54:38.588] [jointLog] [info] Index contained 6,079 targets
[2025-05-21 19:54:38.589] [jointLog] [info] Number of decoys : 0
[2025-05-21 19:54:38.677] [jointLog] [info] Automatically detected most likely library type as ISR

[2025-05-21 19:54:45.495] [fileLog] [info] 
At end of round 0
==================
Observed 6092286 total fragments (6092286 in most recent round)

[2025-05-21 19:54:45.477] [jointLog] [info] Thread saw mini-batch with a maximum of 2.26% zero probability fragments
[2025-05-21 19:54:45.481] [jointLog] [info] Thread saw mini-batch with a maximum of 2.30% zero probability fragments
[2025-05-21 19:54:45.483] [jointLog] [info] Thread saw mini-batch with a maximum of 2.22% zero probability fragments
[2025-05-21 19:54:45.486] [jointLog] [info] Thread saw mini-batch with a maximum of 2.24% zero probability fragments
[2025-05-21 19:54:45.495] [jointLog] [info] Computed 18,879 rich equivalence classes for further processing
[2025-05-21 19:54:45.495] [jointLog] [info] Counted 5,128,000 total reads in the equivalence classes 
[2025-05-21 19:54:45.496] [jointLog] [info] Number of mappings discarded because of alignment score : 659,306
[2025-05-21 19:54:45.496] [jointLog] [info] Number of fragments entirely discarded because of alignment score : 535,071
[2025-05-21 19:54:45.496] [jointLog] [info] Number of fragments discarded because they are best-mapped to decoys : 0
[2025-05-21 19:54:45.496] [jointLog] [info] Number of fragments discarded because they have only dovetail (discordant) mappings to valid targets : 12,868
[2025-05-21 19:54:45.496] [jointLog] [info] Mapping rate = 84.172%

[2025-05-21 19:54:45.496] [jointLog] [info] finished quantifyLibrary()
[2025-05-21 19:54:45.497] [jointLog] [info] Starting optimizer
[2025-05-21 19:54:45.498] [jointLog] [info] Marked 0 weighted equivalence classes as degenerate
[2025-05-21 19:54:45.498] [jointLog] [info] iteration = 0 | max rel diff. = 3455.51
[2025-05-21 19:54:45.533] [jointLog] [info] iteration = 100 | max rel diff. = 0.098347
[2025-05-21 19:54:45.565] [jointLog] [info] iteration = 200 | max rel diff. = 0.0339644
[2025-05-21 19:54:45.576] [jointLog] [info] iteration = 236 | max rel diff. = 0.000536309
[2025-05-21 19:54:45.576] [jointLog] [info] Finished optimizer
[2025-05-21 19:54:45.576] [jointLog] [info] writing output 

