[2025-05-21 19:54:20.903] [jointLog] [info] setting maxHashResizeThreads to 4
[2025-05-21 19:54:20.903] [jointLog] [info] Fragment incompatibility prior below threshold.  Incompatible fragments will be ignored.
[2025-05-21 19:54:20.903] [jointLog] [info] Usage of --validateMappings implies use of minScoreFraction. Since not explicitly specified, it is being set to 0.65
[2025-05-21 19:54:20.903] [jointLog] [info] Setting consensusSlack to selective-alignment default of 0.35.
[2025-05-21 19:54:20.903] [jointLog] [info] parsing read library format
[2025-05-21 19:54:20.903] [jointLog] [info] There is 1 library.
[2025-05-21 19:54:20.904] [jointLog] [info] Loading pufferfish index
[2025-05-21 19:54:20.904] [jointLog] [info] Loading dense pufferfish index.
[2025-05-21 19:54:20.917] [jointLog] [info] done
[2025-05-21 19:54:20.926] [jointLog] [info] Index contained 6,079 targets
[2025-05-21 19:54:20.926] [jointLog] [info] Number of decoys : 0
[2025-05-21 19:54:21.019] [jointLog] [info] Automatically detected most likely library type as ISR

[2025-05-21 19:54:28.914] [fileLog] [info] 
At end of round 0
==================
Observed 7321658 total fragments (7321658 in most recent round)

[2025-05-21 19:54:28.890] [jointLog] [info] Thread saw mini-batch with a maximum of 1.10% zero probability fragments
[2025-05-21 19:54:28.896] [jointLog] [info] Thread saw mini-batch with a maximum of 1.20% zero probability fragments
[2025-05-21 19:54:28.899] [jointLog] [info] Thread saw mini-batch with a maximum of 1.18% zero probability fragments
[2025-05-21 19:54:28.907] [jointLog] [info] Thread saw mini-batch with a maximum of 1.22% zero probability fragments
[2025-05-21 19:54:28.914] [jointLog] [info] Computed 12,247 rich equivalence classes for further processing
[2025-05-21 19:54:28.914] [jointLog] [info] Counted 6,223,993 total reads in the equivalence classes 
[2025-05-21 19:54:28.915] [jointLog] [info] Number of mappings discarded because of alignment score : 847,906
[2025-05-21 19:54:28.915] [jointLog] [info] Number of fragments entirely discarded because of alignment score : 701,507
[2025-05-21 19:54:28.915] [jointLog] [info] Number of fragments discarded because they are best-mapped to decoys : 0
[2025-05-21 19:54:28.915] [jointLog] [info] Number of fragments discarded because they have only dovetail (discordant) mappings to valid targets : 22,307
[2025-05-21 19:54:28.915] [jointLog] [info] Mapping rate = 85.008%

[2025-05-21 19:54:28.915] [jointLog] [info] finished quantifyLibrary()
[2025-05-21 19:54:28.915] [jointLog] [info] Starting optimizer
[2025-05-21 19:54:28.917] [jointLog] [info] Marked 0 weighted equivalence classes as degenerate
[2025-05-21 19:54:28.917] [jointLog] [info] iteration = 0 | max rel diff. = 16782.4
[2025-05-21 19:54:28.941] [jointLog] [info] iteration = 100 | max rel diff. = 0.0141048
[2025-05-21 19:54:28.960] [jointLog] [info] iteration = 167 | max rel diff. = 0.00969531
[2025-05-21 19:54:28.960] [jointLog] [info] Finished optimizer
[2025-05-21 19:54:28.960] [jointLog] [info] writing output 

